[2022-01-30T13:47:13.989] [INFO] default - start!
[2022-01-30T13:47:13.992] [INFO] default - [ '/usr/bin/node', '/home/saito/works/sss/index.js', 'L_UTL' ]
[2022-01-30T13:47:13.993] [INFO] default - 33
[2022-01-30T13:47:13.994] [INFO] default - こっちに来たね class版
[2022-01-30T13:47:13.995] [INFO] default - 0
[2022-01-30T13:47:14.244] [INFO] default - 1
[2022-01-30T13:47:14.245] [INFO] default - 2
[2022-01-30T13:47:14.245] [INFO] default - conf Config { db: { host: '192.168.100.106:27017' } }
[2022-01-30T13:47:15.638] [INFO] default - 3
[2022-01-30T13:47:15.640] [INFO] default - 4
[2022-01-30T13:47:15.699] [INFO] default - 5
[2022-01-30T13:47:15.992] [INFO] default - /home/saito/works/sss/bin
[2022-01-30T13:47:15.993] [INFO] default - desuyoehn
[2022-01-30T13:47:15.993] [INFO] default - driver/home/saito/works/sss/bin/chromedriver
[2022-01-30T13:47:18.003] [INFO] default - rec {
  _id: new ObjectId("61e792c0638db1eac051edcc"),
  kind: 'data-traffic',
  code: 'raku',
  entry_url: 'https://network.mobile.rakuten.co.jp/',
  comment: '多分1日で10G超えると速度制限'
}
