[2022-01-23T16:00:52.509] [INFO] default - start!
[2022-01-23T16:00:52.512] [INFO] default - [ '/usr/bin/node', '/home/saito/works/sss/index.js' ]
[2022-01-23T16:01:24.339] [INFO] default - start!
[2022-01-23T16:01:24.342] [INFO] default - [ '/usr/bin/node', '/home/saito/works/sss/index.js', 'L_UTIL' ]
[2022-01-23T16:01:28.184] [INFO] default - start!
[2022-01-23T16:01:28.187] [INFO] default - [ '/usr/bin/node', '/home/saito/works/sss/index.js', 'L_UTL' ]
[2022-01-23T16:04:48.031] [INFO] default - start!
[2022-01-23T16:04:48.034] [INFO] default - [ '/usr/bin/node', '/home/saito/works/sss/index.js', 'L_UTL' ]
[2022-01-23T16:06:14.140] [INFO] default - start!
[2022-01-23T16:06:14.147] [INFO] default - [ '/usr/bin/node', '/home/saito/works/sss/index.js', 'L_UTL' ]
[2022-01-23T16:48:38.739] [INFO] default - start!
[2022-01-23T16:48:38.744] [INFO] default - [ '/usr/bin/node', '/home/saito/works/sss/index.js', 'L_UTL' ]
[2022-01-23T17:08:08.899] [INFO] default - start!
[2022-01-23T17:08:08.902] [INFO] default - [ '/usr/bin/node', '/home/saito/works/sss/index.js' ]
[2022-01-23T17:08:17.652] [INFO] default - start!
[2022-01-23T17:08:17.654] [INFO] default - [ '/usr/bin/node', '/home/saito/works/sss/index.js', 'L_UTL' ]
[2022-01-23T17:10:36.080] [INFO] default - start!
[2022-01-23T17:10:36.084] [INFO] default - [ '/usr/bin/node', '/home/saito/works/sss/index.js', 'L_UTL' ]
[2022-01-23T17:13:42.927] [INFO] default - start!
[2022-01-23T17:13:42.930] [INFO] default - [ '/usr/bin/node', '/home/saito/works/sss/index.js', 'L_UTL' ]
[2022-01-23T17:14:37.881] [INFO] default - start!
[2022-01-23T17:14:37.883] [INFO] default - [ '/usr/bin/node', '/home/saito/works/sss/index.js', 'L_UTL' ]
[2022-01-23T17:17:16.293] [INFO] default - start!
[2022-01-23T17:17:16.295] [INFO] default - [ '/usr/bin/node', '/home/saito/works/sss/index.js', 'L_UTL' ]
[2022-01-23T17:30:22.580] [INFO] default - start!
[2022-01-23T17:30:22.583] [INFO] default - [ '/usr/bin/node', '/home/saito/works/sss/index.js', 'L_UTL' ]
[2022-01-23T17:30:23.266] [INFO] default - こっちに来たね
[2022-01-23T17:32:04.733] [INFO] default - start!
[2022-01-23T17:32:04.735] [INFO] default - [ '/usr/bin/node', '/home/saito/works/sss/index.js', 'L_UTL' ]
[2022-01-23T17:32:05.903] [INFO] default - こっちに来たね
[2022-01-23T17:32:31.483] [INFO] default - start!
[2022-01-23T17:32:31.485] [INFO] default - [ '/usr/bin/node', '/home/saito/works/sss/index.js', 'L_UTL' ]
[2022-01-23T17:32:32.081] [INFO] default - こっちに来たね
[2022-01-23T17:32:49.363] [INFO] default - start!
[2022-01-23T17:32:49.365] [INFO] default - [ '/usr/bin/node', '/home/saito/works/sss/index.js', 'L_UTL' ]
[2022-01-23T17:32:49.770] [INFO] default - こっちに来たね
[2022-01-23T17:35:46.968] [INFO] default - start!
[2022-01-23T17:35:46.970] [INFO] default - [ '/usr/bin/node', '/home/saito/works/sss/index.js', 'L_UTL' ]
[2022-01-23T17:35:47.378] [INFO] default - こっちに来たね
[2022-01-23T17:36:02.140] [INFO] default - start!
[2022-01-23T17:36:02.142] [INFO] default - [ '/usr/bin/node', '/home/saito/works/sss/index.js', 'L_UTL' ]
[2022-01-23T17:36:02.762] [INFO] default - こっちに来たね
[2022-01-23T17:36:26.242] [INFO] default - start!
[2022-01-23T17:36:26.245] [INFO] default - [ '/usr/bin/node', '/home/saito/works/sss/index.js', 'L_UTL' ]
[2022-01-23T17:36:26.613] [INFO] default - こっちに来たね
[2022-01-23T17:36:38.979] [INFO] default - start!
[2022-01-23T17:36:38.981] [INFO] default - [ '/usr/bin/node', '/home/saito/works/sss/index.js', 'L_UTL' ]
[2022-01-23T17:36:39.424] [INFO] default - こっちに来たね
[2022-01-23T17:53:46.860] [INFO] default - start!
[2022-01-23T17:53:46.862] [INFO] default - [ '/usr/bin/node', '/home/saito/works/sss/index.js', 'L_UTL' ]
[2022-01-23T17:53:47.289] [INFO] default - こっちに来たね
